plugin/plugin-demo3-kotlin/app/build/outputs/logs/manifest-merger-debug-report.txt
-- Merging decision tree log ---
manifest
ADDED from src\main\AndroidManifest.xml:17:1-66:12
	package
		ADDED from src\main\AndroidManifest.xml:18:5-49
		INJECTED from src\main\AndroidManifest.xml
		INJECTED from src\main\AndroidManifest.xml
	android:versionName
		INJECTED from src\main\AndroidManifest.xml
		INJECTED from src\main\AndroidManifest.xml
	xmlns:android
		ADDED from src\main\AndroidManifest.xml:17:11-69
	android:versionCode
		INJECTED from src\main\AndroidManifest.xml
		INJECTED from src\main\AndroidManifest.xml
application
ADDED from src\main\AndroidManifest.xml:20:5-66:19
MERGED from [com.qihoo360.replugin:replugin-plugin-lib:2.2.4] AndroidManifest.xml:24:5-25:19
	android:label
		ADDED from src\main\AndroidManifest.xml:24:9-41
	android:allowBackup
		ADDED from src\main\AndroidManifest.xml:22:9-36
	android:icon
		ADDED from src\main\AndroidManifest.xml:23:9-40
	android:name
		ADDED from src\main\AndroidManifest.xml:21:9-66
meta-data#process_map
ADDED from src\main\AndroidManifest.xml:25:9-30:19
	android:value
		ADDED from src\main\AndroidManifest.xml:25:9-30:19
	android:name
		ADDED from src\main\AndroidManifest.xml:26:13-39
meta-data#com.qihoo360.plugin.name
ADDED from src\main\AndroidManifest.xml:33:9-34:37
	android:value
		ADDED from src\main\AndroidManifest.xml:33:9-34:37
	android:name
		ADDED from src\main\AndroidManifest.xml:34:13-59
meta-data#com.qihoo360.plugin.version.ver
ADDED from src\main\AndroidManifest.xml:36:9-37:35
	android:value
		ADDED from src\main\AndroidManifest.xml:36:9-37:35
	android:name
		ADDED from src\main\AndroidManifest.xml:37:13-75
activity#com.qihoo360.replugin.sample.demo3.MainActivity
ADDED from src\main\AndroidManifest.xml:43:17-48:20
	android:screenOrientation
		ADDED from src\main\AndroidManifest.xml:52:13-49
	android:exported
		ADDED from src\main\AndroidManifest.xml:50:13-37
	android:configChanges
		ADDED from src\main\AndroidManifest.xml:43:17-48:20
	android:name
		ADDED from src\main\AndroidManifest.xml:43:27-74
intent-filter#android.intent.action.MAIN+android.intent.category.LAUNCHER
ADDED from src\main\AndroidManifest.xml:44:13-47:29
action#android.intent.action.MAIN
ADDED from src\main\AndroidManifest.xml:44:9-45:69
	android:name
		ADDED from src\main\AndroidManifest.xml:44:9-45:69
category#android.intent.category.LAUNCHER
ADDED from src\main\AndroidManifest.xml:43:9-46:77
	android:name
		ADDED from src\main\AndroidManifest.xml:44:13-106
activity#com.qihoo360.replugin.sample.demo3.activity.theme.ThemeBlackNoTitleBarActivity
ADDED from src\main\AndroidManifest.xml:55:1-56:69
	android:screenOrientation
		ADDED from src\main\AndroidManifest.xml:55:1-56:69
	android:launchMode
		ADDED from src\main\AndroidManifest.xml:55:1-56:69
	android:exported
		ADDED from src\main\AndroidManifest.xml:55:1-56:69
	android:theme
		ADDED from src\main\AndroidManifest.xml:55:1-56:69
	android:name
		ADDED from src\main\AndroidManifest.xml:55:1-56:69
receiver#com.qihoo360.replugin.sample.demo3.receivers.PluginDemo3Receiver
ADDED from src\main\AndroidManifest.xml:59:1-64:20
	android:name
		ADDED from src\main\AndroidManifest.xml:59:1-64:20
intent-filter#com.qihoo360.repluginapp.replugin.receiver.ACTION3
ADDED from src\main\AndroidManifest.xml:59:17-62:29
action#com.qihoo360.repluginapp.replugin.receiver.ACTION3
ADDED from src\main\AndroidManifest.xml:61:1-62:93
	android:name
		ADDED from src\main\AndroidManifest.xml:61:1-62:93
uses-sdk
INJECTED from src\main\AndroidManifest.xml reason: use-sdk injection requested
MERGED from [com.qihoo360.replugin:replugin-plugin-lib:2.2.4] AndroidManifest.xml:22:5-43
	android:targetSdkVersion
		INJECTED from src\main\AndroidManifest.xml
		INJECTED from src\main\AndroidManifest.xml
	android:minSdkVersion
		INJECTED from src\main\AndroidManifest.xml
		INJECTED from src\main\AndroidManifest.xml
uses-permission#android.permission.WRITE_EXTERNAL_STORAGE
IMPLIED from src\main\AndroidManifest.xml:17:1-66:12 reason: com.qihoo360.replugin.library has a targetSdkVersion < 4
uses-permission#android.permission.READ_PHONE_STATE
IMPLIED from src\main\AndroidManifest.xml:17:1-66:12 reason: com.qihoo360.replugin.library has a targetSdkVersion < 4
uses-permission#android.permission.READ_EXTERNAL_STORAGE
IMPLIED from src\main\AndroidManifest.xml:17:1-66:12 reason: com.qihoo360.replugin.library requested WRITE_EXTERNAL_STORAGE